Arguments: 
  D:\node-v20.12.0-win-x64\node.exe C:\Users\13303\AppData\Roaming\npm\node_modules\yarn\bin\yarn.js install

PATH: 
  C:\WINDOWS\system32;C:\WINDOWS;C:\WINDOWS\System32\Wbem;C:\WINDOWS\System32\WindowsPowerShell\v1.0\;C:\WINDOWS\System32\OpenSSH\;C:\Program Files (x86)\NVIDIA Corporation\PhysX\Common;C:\game\Microsoft SQL Server\Client SDK\ODBC\170\Tools\Binn\;C:\game\Microsoft SQL Server\150\Tools\Binn\;C:\game\dotnet\;E:\java\bin;E:\Windows Kits\10\Windows Performance Toolkit\;D:\PyCharm 2023.2.5\bin;D:\node-v20.12.0-win-x64;D:\node-v20.12.0-win-x64\node_cache;D:\node-v20.12.0-win-x64\node_global;D:\Git\cmd;C:\Users\13303\AppData\Local\Yarn\Data\global;C:\Users\13303\AppData\Local\Programs\Python\Python312\Scripts\;C:\Users\13303\AppData\Local\Programs\Python\Python312\;C:\Users\13303\AppData\Local\Microsoft\WindowsApps;C:\Users\13303\.dotnet\tools;E:\常规应用\Microsoft VS Code\bin;C:\Users\13303\AppData\Local\Yarn\bin;%WebStorm%;D:\PyCharm 2023.2.5\bin;;C:\Users\13303\AppData\Roaming\npm;

Yarn version: 
  1.22.19

Node version: 
  20.12.0

Platform: 
  win32 x64

Trace: 
  Error: EBUSY: resource busy or locked, copyfile 'C:\Users\13303\AppData\Local\Yarn\Cache\v6\npm-svg-tags-1.0.0-58f71cee3bd519b59d4b2a843b6c7de64ac04764-integrity\node_modules\svg-tags\lib\index.js' -> 'E:\星球项目\myapp\node_modules\svg-tags\lib\index.js'

npm manifest: 
  {
    "name": "ant-design-pro",
    "version": "5.2.0",
    "private": true,
    "description": "An out-of-box UI solution for enterprise applications",
    "scripts": {
      "analyze": "cross-env ANALYZE=1 umi build",
      "build": "umi build",
      "deploy": "npm run build && npm run gh-pages",
      "dev": "npm run start:dev",
      "gh-pages": "gh-pages -d dist",
      "i18n-remove": "pro i18n-remove --locale=zh-CN --write",
      "postinstall": "umi g tmp",
      "lint": "umi g tmp && npm run lint:js && npm run lint:style && npm run lint:prettier && npm run tsc",
      "lint-staged": "lint-staged",
      "lint-staged:js": "eslint --ext .js,.jsx,.ts,.tsx ",
      "lint:fix": "eslint --fix --cache --ext .js,.jsx,.ts,.tsx --format=pretty ./src && npm run lint:style",
      "lint:js": "eslint --cache --ext .js,.jsx,.ts,.tsx --format=pretty ./src",
      "lint:prettier": "prettier -c --write \"src/**/*\" --end-of-line auto",
      "lint:style": "stylelint --fix \"src/**/*.less\" --syntax less",
      "openapi": "umi openapi",
      "playwright": "playwright install && playwright test",
      "prepare": "husky install",
      "prettier": "prettier -c --write \"src/**/*\"",
      "serve": "umi-serve",
      "start": "cross-env UMI_ENV=dev umi dev",
      "start:dev": "cross-env REACT_APP_ENV=dev MOCK=none UMI_ENV=dev umi dev",
      "start:no-mock": "cross-env MOCK=none UMI_ENV=dev umi dev",
      "start:no-ui": "cross-env UMI_UI=none UMI_ENV=dev umi dev",
      "start:pre": "cross-env REACT_APP_ENV=pre UMI_ENV=dev umi dev",
      "start:test": "cross-env REACT_APP_ENV=test MOCK=none UMI_ENV=dev umi dev",
      "test": "umi test",
      "test:component": "umi test ./src/components",
      "test:e2e": "node ./tests/run-tests.js",
      "tsc": "tsc --noEmit"
    },
    "lint-staged": {
      "**/*.less": "stylelint --syntax less",
      "**/*.{js,jsx,ts,tsx}": "npm run lint-staged:js",
      "**/*.{js,jsx,tsx,ts,less,md,json}": ["prettier --write"]
    },
    "browserslist": ["> 1%", "last 2 versions", "not ie <= 10"],
    "dependencies": {
      "@ant-design/icons": "^4.7.0",
      "@ant-design/pro-components": "1.1.1",
      "@umijs/route-utils": "^2.0.0",
      "antd": "^4.20.0",
      "classnames": "^2.3.0",
      "lodash": "^4.17.0",
      "moment": "^2.29.0",
      "omit.js": "^2.0.2",
      "rc-menu": "^9.1.0",
      "rc-util": "^5.16.0",
      "react": "^17.0.0",
      "react-dev-inspector": "^1.7.0",
      "react-dom": "^17.0.0",
      "react-helmet-async": "^1.2.0",
      "umi": "^3.5.0"
    },
    "devDependencies": {
      "@ant-design/pro-cli": "^2.1.0",
      "@playwright/test": "^1.17.0",
      "@types/classnames": "^2.3.1",
      "@types/express": "^4.17.0",
      "@types/history": "^4.7.0",
      "@types/jest": "^26.0.0",
      "@types/lodash": "^4.14.0",
      "@types/react": "^17.0.0",
      "@types/react-dom": "^17.0.0",
      "@types/react-helmet": "^6.1.0",
      "@umijs/fabric": "^2.11.1",
      "@umijs/openapi": "^1.6.0",
      "@umijs/plugin-blocks": "^2.2.0",
      "@umijs/plugin-esbuild": "^1.4.0",
      "@umijs/plugin-openapi": "^1.3.3",
      "@umijs/preset-ant-design-pro": "^1.3.0",
      "@umijs/preset-dumi": "^1.1.0",
      "@umijs/preset-react": "^2.1.0",
      "cross-env": "^7.0.0",
      "cross-port-killer": "^1.3.0",
      "detect-installer": "^1.0.0",
      "eslint": "^7.32.0",
      "gh-pages": "^3.2.0",
      "husky": "^7.0.4",
      "jsdom-global": "^3.0.0",
      "lint-staged": "^10.0.0",
      "mockjs": "^1.1.0",
      "prettier": "^2.5.0",
      "stylelint": "^13.0.0",
      "swagger-ui-dist": "^4.12.0",
      "typescript": "^4.5.0",
      "umi-serve": "^1.9.10"
    },
    "engines": { "node": ">=12.0.0" }
  }

yarn manifest: 
  No manifest

Lockfile: 
  No lockfile
